18:21:32.832 [main] INFO  testCases.TC001_AccountRegistrationTest -  Clicked on MyAccount Link 
18:21:33.303 [main] INFO  testCases.TC001_AccountRegistrationTest -  Clicked on Register Link 
18:21:33.305 [main] INFO  testCases.TC001_AccountRegistrationTest - Providing Customer details...
18:21:34.193 [main] INFO  testCases.TC001_AccountRegistrationTest - Validating expected message..
18:21:34.219 [main] INFO  testCases.TC001_AccountRegistrationTest - ****** Finished TC001_AccountRegistrationTest ******
18:21:36.735 [main] INFO  testCases.TC002_LoginTest - *****Starting TC_002_LoginTest ******
18:30:49.864 [main] DEBUG org.testng.TestNG - suiteXmlPath: "C:\Users\Aalim\eclipse-workspace\OpencartV121\master.xml"
18:30:50.184 [main] INFO  org.testng.internal.Utils - [TestNG] Running:
  C:\Users\Aalim\eclipse-workspace\OpencartV121\master.xml

18:30:54.729 [main] INFO  testCases.TC001_AccountRegistrationTest - ****** Starting TC001_AccountRegistrationTest ******
18:30:54.820 [main] INFO  testCases.TC001_AccountRegistrationTest -  Clicked on MyAccount Link 
18:30:55.440 [main] INFO  testCases.TC001_AccountRegistrationTest -  Clicked on Register Link 
18:30:55.441 [main] INFO  testCases.TC001_AccountRegistrationTest - Providing Customer details...
18:30:56.650 [main] INFO  testCases.TC001_AccountRegistrationTest - Validating expected message..
18:30:56.686 [main] INFO  testCases.TC001_AccountRegistrationTest - ****** Finished TC001_AccountRegistrationTest ******
18:31:00.312 [main] INFO  testCases.TC002_LoginTest - *****Starting TC_002_LoginTest ******
18:36:57.364 [main] DEBUG org.testng.TestNG - suiteXmlPath: "C:\Users\Aalim\eclipse-workspace\OpencartV121\master.xml"
18:36:57.677 [main] INFO  org.testng.internal.Utils - [TestNG] Running:
  C:\Users\Aalim\eclipse-workspace\OpencartV121\master.xml

18:37:02.479 [main] INFO  testCases.TC001_AccountRegistrationTest - ****** Starting TC001_AccountRegistrationTest ******
18:37:02.562 [main] INFO  testCases.TC001_AccountRegistrationTest -  Clicked on MyAccount Link 
18:37:03.160 [main] INFO  testCases.TC001_AccountRegistrationTest -  Clicked on Register Link 
18:37:03.161 [main] INFO  testCases.TC001_AccountRegistrationTest - Providing Customer details...
18:37:04.375 [main] INFO  testCases.TC001_AccountRegistrationTest - Validating expected message..
18:37:04.405 [main] INFO  testCases.TC001_AccountRegistrationTest - ****** Finished TC001_AccountRegistrationTest ******
18:37:08.837 [main] INFO  testCases.TC002_LoginTest - *****Starting TC_002_LoginTest ******
18:39:43.134 [main] DEBUG org.testng.TestNG - suiteXmlPath: "C:\Users\Aalim\eclipse-workspace\OpencartV121\master.xml"
18:39:43.438 [main] INFO  org.testng.internal.Utils - [TestNG] Running:
  C:\Users\Aalim\eclipse-workspace\OpencartV121\master.xml

18:39:47.998 [main] INFO  testCases.TC001_AccountRegistrationTest - ****** Starting TC001_AccountRegistrationTest ******
18:39:48.135 [main] INFO  testCases.TC001_AccountRegistrationTest -  Clicked on MyAccount Link 
18:39:48.723 [main] INFO  testCases.TC001_AccountRegistrationTest -  Clicked on Register Link 
18:39:48.724 [main] INFO  testCases.TC001_AccountRegistrationTest - Providing Customer details...
18:39:49.871 [main] INFO  testCases.TC001_AccountRegistrationTest - Validating expected message..
18:39:49.914 [main] INFO  testCases.TC001_AccountRegistrationTest - ****** Finished TC001_AccountRegistrationTest ******
18:39:53.785 [main] INFO  testCases.TC002_LoginTest - *****Starting TC_002_LoginTest ******
18:40:19.954 [main] DEBUG org.testng.TestNG - suiteXmlPath: "C:\Users\Aalim\eclipse-workspace\OpencartV121\master.xml"
18:40:20.257 [main] INFO  org.testng.internal.Utils - [TestNG] Running:
  C:\Users\Aalim\eclipse-workspace\OpencartV121\master.xml

18:40:25.511 [main] INFO  testCases.TC001_AccountRegistrationTest - ****** Starting TC001_AccountRegistrationTest ******
18:40:25.607 [main] INFO  testCases.TC001_AccountRegistrationTest -  Clicked on MyAccount Link 
18:40:26.209 [main] INFO  testCases.TC001_AccountRegistrationTest -  Clicked on Register Link 
18:40:26.211 [main] INFO  testCases.TC001_AccountRegistrationTest - Providing Customer details...
18:40:27.327 [main] INFO  testCases.TC001_AccountRegistrationTest - Validating expected message..
18:40:27.370 [main] INFO  testCases.TC001_AccountRegistrationTest - ****** Finished TC001_AccountRegistrationTest ******
18:40:31.063 [main] INFO  testCases.TC002_LoginTest - *****Starting TC_002_LoginTest ******
18:41:23.576 [main] DEBUG org.testng.TestNG - suiteXmlPath: "C:\Users\Aalim\eclipse-workspace\OpencartV121\master.xml"
18:41:23.869 [main] INFO  org.testng.internal.Utils - [TestNG] Running:
  C:\Users\Aalim\eclipse-workspace\OpencartV121\master.xml

18:41:28.795 [main] INFO  testCases.TC001_AccountRegistrationTest - ****** Starting TC001_AccountRegistrationTest ******
18:41:28.884 [main] INFO  testCases.TC001_AccountRegistrationTest -  Clicked on MyAccount Link 
