21:24:26.815 [main] INFO  testCases.TC001_AccountRegistrationTest - ****** Starting TC001_AccountRegistrationTest ******
21:24:26.977 [main] INFO  testCases.TC001_AccountRegistrationTest -  Clicked on MyAccount Link 
21:24:27.813 [main] INFO  testCases.TC001_AccountRegistrationTest -  Clicked on Register Link 
21:24:27.813 [main] INFO  testCases.TC001_AccountRegistrationTest - Providing Customer details...
21:24:29.581 [main] INFO  testCases.TC001_AccountRegistrationTest - Validating expected message..
21:24:29.644 [main] INFO  testCases.TC001_AccountRegistrationTest - ****** Finished TC001_AccountRegistrationTest ******
21:24:33.700 [main] INFO  testCases.TC002_LoginTest - *****Starting TC_002_LoginTest ******
21:26:12.007 [main] DEBUG org.testng.TestNG - suiteXmlPath: "C:\Users\Aalim\eclipse-workspace\OpencartV121\grid-docker.xml"
21:26:12.368 [main] INFO  org.testng.internal.Utils - [TestNG] Running:
  C:\Users\Aalim\eclipse-workspace\OpencartV121\grid-docker.xml

21:26:17.579 [main] INFO  testCases.TC001_AccountRegistrationTest - ****** Starting TC001_AccountRegistrationTest ******
21:26:17.706 [main] INFO  testCases.TC001_AccountRegistrationTest -  Clicked on MyAccount Link 
21:26:18.840 [main] INFO  testCases.TC001_AccountRegistrationTest -  Clicked on Register Link 
21:26:18.848 [main] INFO  testCases.TC001_AccountRegistrationTest - Providing Customer details...
21:26:20.569 [main] INFO  testCases.TC001_AccountRegistrationTest - Validating expected message..
21:26:20.639 [main] INFO  testCases.TC001_AccountRegistrationTest - ****** Finished TC001_AccountRegistrationTest ******
21:26:24.430 [main] INFO  testCases.TC002_LoginTest - *****Starting TC_002_LoginTest ******
21:26:31.103 [main] INFO  testCases.TC001_AccountRegistrationTest - ****** Starting TC001_AccountRegistrationTest ******
21:26:31.292 [main] INFO  testCases.TC001_AccountRegistrationTest -  Clicked on MyAccount Link 
21:26:34.208 [main] INFO  testCases.TC001_AccountRegistrationTest -  Clicked on Register Link 
21:26:34.208 [main] INFO  testCases.TC001_AccountRegistrationTest - Providing Customer details...
21:26:36.035 [main] INFO  testCases.TC001_AccountRegistrationTest - Validating expected message..
21:26:36.099 [main] INFO  testCases.TC001_AccountRegistrationTest - ****** Finished TC001_AccountRegistrationTest ******
21:26:40.320 [main] INFO  testCases.TC002_LoginTest - *****Starting TC_002_LoginTest ******
21:27:30.769 [main] DEBUG org.testng.TestNG - suiteXmlPath: "C:\Users\Aalim\eclipse-workspace\OpencartV121\master.xml"
21:27:31.088 [main] INFO  org.testng.internal.Utils - [TestNG] Running:
  C:\Users\Aalim\eclipse-workspace\OpencartV121\master.xml

16:05:13.789 [main] DEBUG org.testng.TestNG - suiteXmlPath: "C:\Users\Aalim\eclipse-workspace\OpencartV121\grid-docker.xml"
16:05:14.208 [main] INFO  org.testng.internal.Utils - [TestNG] Running:
  C:\Users\Aalim\eclipse-workspace\OpencartV121\grid-docker.xml

16:05:17.691 [main] INFO  testCases.TC001_AccountRegistrationTest - ****** Starting TC001_AccountRegistrationTest ******
16:05:17.852 [main] INFO  testCases.TC001_AccountRegistrationTest -  Clicked on MyAccount Link 
16:05:18.331 [main] INFO  testCases.TC001_AccountRegistrationTest -  Clicked on Register Link 
16:05:18.333 [main] INFO  testCases.TC001_AccountRegistrationTest - Providing Customer details...
16:05:21.537 [main] INFO  testCases.TC001_AccountRegistrationTest - Validating expected message..
16:05:21.608 [main] INFO  testCases.TC001_AccountRegistrationTest - ****** Finished TC001_AccountRegistrationTest ******
16:05:23.315 [main] INFO  testCases.TC002_LoginTest - *****Starting TC_002_LoginTest ******
16:05:29.577 [main] INFO  testCases.TC001_AccountRegistrationTest - ****** Starting TC001_AccountRegistrationTest ******
16:05:29.738 [main] INFO  testCases.TC001_AccountRegistrationTest -  Clicked on MyAccount Link 
16:05:30.226 [main] INFO  testCases.TC001_AccountRegistrationTest -  Clicked on Register Link 
16:05:30.227 [main] INFO  testCases.TC001_AccountRegistrationTest - Providing Customer details...
16:05:31.892 [main] INFO  testCases.TC001_AccountRegistrationTest - Validating expected message..
16:05:31.972 [main] INFO  testCases.TC001_AccountRegistrationTest - ****** Finished TC001_AccountRegistrationTest ******
16:05:34.793 [main] INFO  testCases.TC002_LoginTest - *****Starting TC_002_LoginTest ******
16:08:50.445 [main] DEBUG org.testng.TestNG - suiteXmlPath: "C:\Users\Aalim\eclipse-workspace\OpencartV121\master.xml"
16:08:50.893 [main] INFO  org.testng.internal.Utils - [TestNG] Running:
  C:\Users\Aalim\eclipse-workspace\OpencartV121\master.xml

16:09:39.168 [main] DEBUG org.testng.TestNG - suiteXmlPath: "C:\Users\Aalim\eclipse-workspace\OpencartV121\master.xml"
16:09:39.553 [main] INFO  org.testng.internal.Utils - [TestNG] Running:
  C:\Users\Aalim\eclipse-workspace\OpencartV121\master.xml

21:53:49.029 [main] DEBUG org.testng.TestNG - suiteXmlPath: "C:\Users\Aalim\eclipse-workspace\OpencartV121\master.xml"
