11:08:15.345 [main] INFO  testCases.TC002_LoginTest - *****Starting TC_002_LoginTest ******
11:09:15.841 [main] DEBUG org.testng.TestNG - suiteXmlPath: "C:\Users\Aalim\eclipse-workspace\OpencartV121\master.xml"
11:09:16.159 [main] INFO  org.testng.internal.Utils - [TestNG] Running:
  C:\Users\Aalim\eclipse-workspace\OpencartV121\master.xml

11:09:20.653 [main] INFO  testCases.TC001_AccountRegistrationTest - ****** Starting TC001_AccountRegistrationTest ******
11:09:20.936 [main] INFO  testCases.TC001_AccountRegistrationTest -  Clicked on MyAccount Link 
11:09:21.495 [main] INFO  testCases.TC001_AccountRegistrationTest -  Clicked on Register Link 
11:09:21.497 [main] INFO  testCases.TC001_AccountRegistrationTest - Providing Customer details...
11:09:23.399 [main] INFO  testCases.TC001_AccountRegistrationTest - Validating expected message..
11:09:23.445 [main] INFO  testCases.TC001_AccountRegistrationTest - ****** Finished TC001_AccountRegistrationTest ******
11:09:27.548 [main] INFO  testCases.TC002_LoginTest - *****Starting TC_002_LoginTest ******
11:10:22.918 [main] DEBUG org.testng.TestNG - suiteXmlPath: "C:\Users\Aalim\eclipse-workspace\OpencartV121\test-output\testng-failed.xml"
11:10:23.205 [main] INFO  org.testng.internal.Utils - [TestNG] Running:
  C:\Users\Aalim\eclipse-workspace\OpencartV121\test-output\testng-failed.xml

11:10:27.389 [main] INFO  testCases.TC002_LoginTest - *****Starting TC_002_LoginTest ******
10:02:19.503 [main] DEBUG org.testng.TestNG - suiteXmlPath: "C:\Users\Aalim\eclipse-workspace\OpencartV121\master.xml"
10:02:19.795 [main] INFO  org.testng.internal.Utils - [TestNG] Running:
  C:\Users\Aalim\eclipse-workspace\OpencartV121\master.xml

10:02:25.209 [main] INFO  testCases.TC001_AccountRegistrationTest - ****** Starting TC001_AccountRegistrationTest ******
10:02:25.310 [main] INFO  testCases.TC001_AccountRegistrationTest -  Clicked on MyAccount Link 
10:02:25.763 [main] INFO  testCases.TC001_AccountRegistrationTest -  Clicked on Register Link 
10:02:25.766 [main] INFO  testCases.TC001_AccountRegistrationTest - Providing Customer details...
10:02:26.894 [main] INFO  testCases.TC001_AccountRegistrationTest - Validating expected message..
10:02:26.944 [main] INFO  testCases.TC001_AccountRegistrationTest - ****** Finished TC001_AccountRegistrationTest ******
10:02:31.200 [main] INFO  testCases.TC002_LoginTest - *****Starting TC_002_LoginTest ******
10:04:21.028 [main] DEBUG org.testng.TestNG - suiteXmlPath: "C:\Users\Aalim\eclipse-workspace\OpencartV121\master.xml"
10:04:21.349 [main] INFO  org.testng.internal.Utils - [TestNG] Running:
  C:\Users\Aalim\eclipse-workspace\OpencartV121\master.xml

10:04:26.571 [main] INFO  testCases.TC001_AccountRegistrationTest - ****** Starting TC001_AccountRegistrationTest ******
10:04:26.680 [main] INFO  testCases.TC001_AccountRegistrationTest -  Clicked on MyAccount Link 
10:04:27.146 [main] INFO  testCases.TC001_AccountRegistrationTest -  Clicked on Register Link 
10:04:27.148 [main] INFO  testCases.TC001_AccountRegistrationTest - Providing Customer details...
10:04:28.445 [main] INFO  testCases.TC001_AccountRegistrationTest - Validating expected message..
10:04:28.499 [main] INFO  testCases.TC001_AccountRegistrationTest - ****** Finished TC001_AccountRegistrationTest ******
10:04:32.934 [main] INFO  testCases.TC002_LoginTest - *****Starting TC_002_LoginTest ******
10:04:50.686 [main] DEBUG org.testng.TestNG - suiteXmlPath: "C:\Users\Aalim\eclipse-workspace\OpencartV121\master.xml"
10:04:51.047 [main] INFO  org.testng.internal.Utils - [TestNG] Running:
  C:\Users\Aalim\eclipse-workspace\OpencartV121\master.xml

10:04:55.304 [main] INFO  testCases.TC001_AccountRegistrationTest - ****** Starting TC001_AccountRegistrationTest ******
10:04:55.458 [main] INFO  testCases.TC001_AccountRegistrationTest -  Clicked on MyAccount Link 
10:04:55.983 [main] INFO  testCases.TC001_AccountRegistrationTest -  Clicked on Register Link 
10:04:55.983 [main] INFO  testCases.TC001_AccountRegistrationTest - Providing Customer details...
10:04:57.222 [main] INFO  testCases.TC001_AccountRegistrationTest - Validating expected message..
10:04:57.282 [main] INFO  testCases.TC001_AccountRegistrationTest - ****** Finished TC001_AccountRegistrationTest ******
10:05:02.031 [main] INFO  testCases.TC002_LoginTest - *****Starting TC_002_LoginTest ******
10:06:51.352 [main] DEBUG org.testng.TestNG - suiteXmlPath: "C:\Users\Aalim\eclipse-workspace\OpencartV121\crossbrowsertesting.xml"
10:06:51.710 [main] INFO  org.testng.internal.Utils - [TestNG] Running:
  C:\Users\Aalim\eclipse-workspace\OpencartV121\crossbrowsertesting.xml

10:06:52.040 [TestNG-tests-2] INFO  testCases.TC001_AccountRegistrationTest - ****** Starting TC001_AccountRegistrationTest ******
10:06:56.884 [TestNG-tests-1] INFO  testCases.TC001_AccountRegistrationTest - ****** Starting TC001_AccountRegistrationTest ******
10:06:57.088 [TestNG-tests-1] INFO  testCases.TC001_AccountRegistrationTest -  Clicked on MyAccount Link 
