11:30:29.365 [main] DEBUG org.apache.poi.openxml4j.opc.PackageRelationshipCollection - Parsing relationship: /xl/worksheets/_rels/sheet1.xml.rels
11:30:29.369 [main] DEBUG org.apache.poi.openxml4j.opc.PackageRelationshipCollection - Parsing relationship: /_rels/.rels
11:30:29.390 [main] DEBUG org.apache.poi.openxml4j.opc.PackageRelationshipCollection - Parsing relationship: /xl/_rels/workbook.xml.rels
11:30:29.390 [main] DEBUG org.apache.poi.openxml4j.opc.PackageRelationshipCollection - Parsing relationship: /xl/worksheets/_rels/sheet1.xml.rels
11:30:29.391 [main] DEBUG org.apache.poi.openxml4j.opc.PackageRelationshipCollection - Parsing relationship: /_rels/.rels
11:30:29.409 [main] DEBUG org.apache.poi.openxml4j.opc.PackageRelationshipCollection - Parsing relationship: /xl/_rels/workbook.xml.rels
11:30:29.411 [main] DEBUG org.apache.poi.openxml4j.opc.PackageRelationshipCollection - Parsing relationship: /xl/worksheets/_rels/sheet1.xml.rels
11:30:29.412 [main] DEBUG org.apache.poi.openxml4j.opc.PackageRelationshipCollection - Parsing relationship: /_rels/.rels
11:30:29.428 [main] DEBUG org.apache.poi.openxml4j.opc.PackageRelationshipCollection - Parsing relationship: /xl/_rels/workbook.xml.rels
11:30:29.428 [main] DEBUG org.apache.poi.openxml4j.opc.PackageRelationshipCollection - Parsing relationship: /xl/worksheets/_rels/sheet1.xml.rels
11:30:29.429 [main] DEBUG org.apache.poi.openxml4j.opc.PackageRelationshipCollection - Parsing relationship: /_rels/.rels
11:30:29.445 [main] DEBUG org.apache.poi.openxml4j.opc.PackageRelationshipCollection - Parsing relationship: /xl/_rels/workbook.xml.rels
11:30:29.446 [main] DEBUG org.apache.poi.openxml4j.opc.PackageRelationshipCollection - Parsing relationship: /xl/worksheets/_rels/sheet1.xml.rels
11:30:29.447 [main] DEBUG org.apache.poi.openxml4j.opc.PackageRelationshipCollection - Parsing relationship: /_rels/.rels
11:30:29.463 [main] INFO  testCases.TC003_LoginDDT - ***** Starting TC003_LoginDDT ******
11:30:31.964 [main] INFO  testCases.TC003_LoginDDT - ***** Finished TC003_LoginDDT ******
11:30:31.967 [main] INFO  testCases.TC003_LoginDDT - ***** Starting TC003_LoginDDT ******
11:30:34.222 [main] INFO  testCases.TC003_LoginDDT - ***** Finished TC003_LoginDDT ******
11:30:34.225 [main] INFO  testCases.TC003_LoginDDT - ***** Starting TC003_LoginDDT ******
11:30:36.672 [main] INFO  testCases.TC003_LoginDDT - ***** Finished TC003_LoginDDT ******
11:30:36.674 [main] INFO  testCases.TC003_LoginDDT - ***** Starting TC003_LoginDDT ******
11:30:58.725 [main] INFO  testCases.TC003_LoginDDT - ***** Starting TC003_LoginDDT ******
11:31:20.793 [main] INFO  testCases.TC003_LoginDDT - ***** Starting TC003_LoginDDT ******
17:12:05.408 [main] DEBUG org.testng.TestNG - suiteXmlPath: "C:\Users\Aalim\eclipse-workspace\OpencartV121\master.xml"
17:12:05.726 [main] INFO  org.testng.internal.Utils - [TestNG] Running:
  C:\Users\Aalim\eclipse-workspace\OpencartV121\master.xml

17:12:12.365 [main] INFO  testCases.TC001_AccountRegistrationTest - ****** Starting TC001_AccountRegistrationTest ******
17:12:12.817 [main] INFO  testCases.TC001_AccountRegistrationTest -  Clicked on MyAccount Link 
17:12:13.354 [main] INFO  testCases.TC001_AccountRegistrationTest -  Clicked on Register Link 
17:12:13.355 [main] INFO  testCases.TC001_AccountRegistrationTest - Providing Customer details...
17:12:14.558 [main] INFO  testCases.TC001_AccountRegistrationTest - Validating expected message..
17:12:14.603 [main] INFO  testCases.TC001_AccountRegistrationTest - ****** Finished TC001_AccountRegistrationTest ******
17:12:18.561 [main] INFO  testCases.TC002_LoginTest - *****Starting TC_002_LoginTest ******
18:18:17.086 [main] DEBUG org.testng.TestNG - suiteXmlPath: "C:\Users\Aalim\eclipse-workspace\OpencartV121\master.xml"
18:18:17.316 [main] INFO  org.testng.internal.Utils - [TestNG] Running:
  C:\Users\Aalim\eclipse-workspace\OpencartV121\master.xml

18:18:20.925 [main] INFO  testCases.TC001_AccountRegistrationTest - ****** Starting TC001_AccountRegistrationTest ******
18:18:21.017 [main] INFO  testCases.TC001_AccountRegistrationTest -  Clicked on MyAccount Link 
18:18:21.383 [main] INFO  testCases.TC001_AccountRegistrationTest -  Clicked on Register Link 
18:18:21.385 [main] INFO  testCases.TC001_AccountRegistrationTest - Providing Customer details...
18:18:22.206 [main] INFO  testCases.TC001_AccountRegistrationTest - Validating expected message..
18:18:22.230 [main] INFO  testCases.TC001_AccountRegistrationTest - ****** Finished TC001_AccountRegistrationTest ******
18:18:24.645 [main] INFO  testCases.TC002_LoginTest - *****Starting TC_002_LoginTest ******
18:21:29.585 [main] DEBUG org.testng.TestNG - suiteXmlPath: "C:\Users\Aalim\eclipse-workspace\OpencartV121\master.xml"
18:21:29.819 [main] INFO  org.testng.internal.Utils - [TestNG] Running:
  C:\Users\Aalim\eclipse-workspace\OpencartV121\master.xml

18:21:32.754 [main] INFO  testCases.TC001_AccountRegistrationTest - ****** Starting TC001_AccountRegistrationTest ******
