12:20:14.378 [main] INFO  org.testng.internal.Utils - [TestNG] Running:
  C:\Users\Aalim\eclipse-workspace\OpencartV121\master.xml

12:28:13.486 [main] DEBUG org.testng.TestNG - suiteXmlPath: "C:\Users\Aalim\eclipse-workspace\OpencartV121\master.xml"
12:28:13.834 [main] INFO  org.testng.internal.Utils - [TestNG] Running:
  C:\Users\Aalim\eclipse-workspace\OpencartV121\master.xml

12:28:16.696 [main] INFO  testCases.TC001_AccountRegistrationTest - ****** Starting TC001_AccountRegistrationTest ******
12:28:16.824 [main] INFO  testCases.TC001_AccountRegistrationTest -  Clicked on MyAccount Link 
12:28:17.309 [main] INFO  testCases.TC001_AccountRegistrationTest -  Clicked on Register Link 
12:28:17.310 [main] INFO  testCases.TC001_AccountRegistrationTest - Providing Customer details...
12:28:18.782 [main] INFO  testCases.TC001_AccountRegistrationTest - Validating expected message..
12:28:18.856 [main] INFO  testCases.TC001_AccountRegistrationTest - ****** Finished TC001_AccountRegistrationTest ******
12:28:20.847 [main] INFO  testCases.TC002_LoginTest - *****Starting TC_002_LoginTest ******
12:30:47.947 [main] DEBUG org.testng.TestNG - suiteXmlPath: "C:\Users\Aalim\eclipse-workspace\OpencartV121\grid-docker.xml"
12:30:48.320 [main] INFO  org.testng.internal.Utils - [TestNG] Running:
  C:\Users\Aalim\eclipse-workspace\OpencartV121\grid-docker.xml

12:32:08.384 [main] DEBUG org.testng.TestNG - suiteXmlPath: "C:\Users\Aalim\eclipse-workspace\OpencartV121\grid-docker.xml"
12:32:08.732 [main] INFO  org.testng.internal.Utils - [TestNG] Running:
  C:\Users\Aalim\eclipse-workspace\OpencartV121\grid-docker.xml

12:32:11.885 [main] INFO  testCases.TC001_AccountRegistrationTest - ****** Starting TC001_AccountRegistrationTest ******
12:32:12.036 [main] INFO  testCases.TC001_AccountRegistrationTest -  Clicked on MyAccount Link 
12:32:12.471 [main] INFO  testCases.TC001_AccountRegistrationTest -  Clicked on Register Link 
12:32:12.473 [main] INFO  testCases.TC001_AccountRegistrationTest - Providing Customer details...
12:32:14.046 [main] INFO  testCases.TC001_AccountRegistrationTest - Validating expected message..
12:32:14.116 [main] INFO  testCases.TC001_AccountRegistrationTest - ****** Finished TC001_AccountRegistrationTest ******
12:32:17.087 [main] INFO  testCases.TC002_LoginTest - *****Starting TC_002_LoginTest ******
22:18:16.677 [main] DEBUG org.testng.TestNG - suiteXmlPath: "C:\Users\Aalim\eclipse-workspace\OpencartV121\master.xml"
22:18:16.927 [main] INFO  org.testng.internal.Utils - [TestNG] Running:
  C:\Users\Aalim\eclipse-workspace\OpencartV121\master.xml

22:18:17.175 [main] INFO  testCases.TC001_AccountRegistrationTest - ****** Starting TC001_AccountRegistrationTest ******
22:21:45.482 [main] DEBUG org.testng.TestNG - suiteXmlPath: "C:\Users\Aalim\eclipse-workspace\OpencartV121\master.xml"
22:21:45.727 [main] INFO  org.testng.internal.Utils - [TestNG] Running:
  C:\Users\Aalim\eclipse-workspace\OpencartV121\master.xml

22:25:19.954 [main] DEBUG org.testng.TestNG - suiteXmlPath: "C:\Users\Aalim\eclipse-workspace\OpencartV121\crossbrowsertesting.xml"
22:25:20.211 [main] INFO  org.testng.internal.Utils - [TestNG] Running:
  C:\Users\Aalim\eclipse-workspace\OpencartV121\crossbrowsertesting.xml

22:25:20.439 [TestNG-tests-2] INFO  testCases.TC001_AccountRegistrationTest - ****** Starting TC001_AccountRegistrationTest ******
22:26:54.958 [main] DEBUG org.testng.TestNG - suiteXmlPath: "C:\Users\Aalim\eclipse-workspace\OpencartV121\master.xml"
22:26:55.267 [main] INFO  org.testng.internal.Utils - [TestNG] Running:
  C:\Users\Aalim\eclipse-workspace\OpencartV121\master.xml

07:55:09.747 [main] DEBUG org.testng.TestNG - suiteXmlPath: "C:\Users\Aalim\eclipse-workspace\OpencartV121\master.xml"
07:55:10.097 [main] INFO  org.testng.internal.Utils - [TestNG] Running:
  C:\Users\Aalim\eclipse-workspace\OpencartV121\master.xml

07:55:35.656 [main] INFO  testCases.TC001_AccountRegistrationTest - ****** Starting TC001_AccountRegistrationTest ******
07:55:35.866 [main] INFO  testCases.TC001_AccountRegistrationTest -  Clicked on MyAccount Link 
07:55:39.123 [main] INFO  testCases.TC001_AccountRegistrationTest -  Clicked on Register Link 
07:55:39.125 [main] INFO  testCases.TC001_AccountRegistrationTest - Providing Customer details...
07:55:44.098 [main] INFO  testCases.TC001_AccountRegistrationTest - Validating expected message..
07:55:44.158 [main] INFO  testCases.TC001_AccountRegistrationTest - ****** Finished TC001_AccountRegistrationTest ******
07:56:02.949 [main] INFO  testCases.TC002_LoginTest - *****Starting TC_002_LoginTest ******
07:56:50.679 [main] DEBUG org.testng.TestNG - suiteXmlPath: "C:\Users\Aalim\eclipse-workspace\OpencartV121\master.xml"
07:57:08.924 [main] INFO  testCases.TC001_AccountRegistrationTest - ****** Starting TC001_AccountRegistrationTest ******
07:57:09.113 [main] INFO  testCases.TC001_AccountRegistrationTest -  Clicked on MyAccount Link 
07:57:11.949 [main] INFO  testCases.TC001_AccountRegistrationTest -  Clicked on Register Link 
