11:42:27.439 [main] DEBUG org.apache.poi.openxml4j.opc.PackageRelationshipCollection - Parsing relationship: /xl/_rels/workbook.xml.rels
11:42:27.439 [main] DEBUG org.apache.poi.openxml4j.opc.PackageRelationshipCollection - Parsing relationship: /xl/worksheets/_rels/sheet1.xml.rels
11:42:27.439 [main] DEBUG org.apache.poi.openxml4j.opc.PackageRelationshipCollection - Parsing relationship: /_rels/.rels
11:42:27.486 [main] DEBUG org.apache.poi.openxml4j.opc.PackageRelationshipCollection - Parsing relationship: /xl/_rels/workbook.xml.rels
11:42:27.486 [main] DEBUG org.apache.poi.openxml4j.opc.PackageRelationshipCollection - Parsing relationship: /xl/worksheets/_rels/sheet1.xml.rels
11:42:27.502 [main] DEBUG org.apache.poi.openxml4j.opc.PackageRelationshipCollection - Parsing relationship: /_rels/.rels
11:42:27.534 [main] DEBUG org.apache.poi.openxml4j.opc.PackageRelationshipCollection - Parsing relationship: /xl/_rels/workbook.xml.rels
11:42:27.534 [main] DEBUG org.apache.poi.openxml4j.opc.PackageRelationshipCollection - Parsing relationship: /xl/worksheets/_rels/sheet1.xml.rels
11:42:27.549 [main] DEBUG org.apache.poi.openxml4j.opc.PackageRelationshipCollection - Parsing relationship: /_rels/.rels
11:42:27.597 [main] DEBUG org.apache.poi.openxml4j.opc.PackageRelationshipCollection - Parsing relationship: /xl/_rels/workbook.xml.rels
11:42:27.597 [main] DEBUG org.apache.poi.openxml4j.opc.PackageRelationshipCollection - Parsing relationship: /xl/worksheets/_rels/sheet1.xml.rels
11:42:27.597 [main] DEBUG org.apache.poi.openxml4j.opc.PackageRelationshipCollection - Parsing relationship: /_rels/.rels
11:42:27.693 [main] INFO  testCases.TC003_LoginDDT - ***** Starting TC003_LoginDDT ******
11:42:31.632 [main] INFO  testCases.TC003_LoginDDT - ***** Finished TC003_LoginDDT ******
11:42:31.644 [main] INFO  testCases.TC003_LoginDDT - ***** Starting TC003_LoginDDT ******
11:42:31.666 [main] INFO  testCases.TC003_LoginDDT - ***** Starting TC003_LoginDDT ******
11:42:31.688 [main] INFO  testCases.TC003_LoginDDT - ***** Starting TC003_LoginDDT ******
11:42:31.705 [main] INFO  testCases.TC003_LoginDDT - ***** Starting TC003_LoginDDT ******
11:42:31.716 [main] INFO  testCases.TC003_LoginDDT - ***** Starting TC003_LoginDDT ******
11:42:56.214 [main] DEBUG org.testng.TestNG - suiteXmlPath: "C:\Users\Aalim\eclipse-workspace\OpencartV121\master.xml"
11:42:56.493 [main] INFO  org.testng.internal.Utils - [TestNG] Running:
  C:\Users\Aalim\eclipse-workspace\OpencartV121\master.xml

11:43:02.070 [main] INFO  testCases.TC001_AccountRegistrationTest - ****** Starting TC001_AccountRegistrationTest ******
11:43:02.168 [main] INFO  testCases.TC001_AccountRegistrationTest -  Clicked on MyAccount Link 
11:43:03.473 [main] INFO  testCases.TC001_AccountRegistrationTest -  Clicked on Register Link 
11:43:03.477 [main] INFO  testCases.TC001_AccountRegistrationTest - Providing Customer details...
11:43:04.913 [main] INFO  testCases.TC001_AccountRegistrationTest - Validating expected message..
11:43:04.953 [main] INFO  testCases.TC001_AccountRegistrationTest - ****** Finished TC001_AccountRegistrationTest ******
11:43:10.329 [main] INFO  testCases.TC002_LoginTest - *****Starting TC_002_LoginTest ******
11:43:42.698 [main] DEBUG org.testng.TestNG - suiteXmlPath: "C:\Users\Aalim\eclipse-workspace\OpencartV121\grouping.xml"
11:43:43.009 [main] INFO  org.testng.internal.Utils - [TestNG] Running:
  C:\Users\Aalim\eclipse-workspace\OpencartV121\grouping.xml

11:45:40.633 [main] DEBUG org.testng.TestNG - suiteXmlPath: "C:\Users\Aalim\eclipse-workspace\OpencartV121\grouping.xml"
11:45:40.935 [main] INFO  org.testng.internal.Utils - [TestNG] Running:
  C:\Users\Aalim\eclipse-workspace\OpencartV121\grouping.xml

11:50:11.124 [main] DEBUG org.testng.TestNG - suiteXmlPath: "C:\Users\Aalim\eclipse-workspace\OpencartV121\grouping.xml"
11:50:11.442 [main] INFO  org.testng.internal.Utils - [TestNG] Running:
  C:\Users\Aalim\eclipse-workspace\OpencartV121\grouping.xml

11:50:23.688 [main] DEBUG org.testng.TestNG - suiteXmlPath: "C:\Users\Aalim\eclipse-workspace\OpencartV121\grouping.xml"
11:50:23.970 [main] INFO  org.testng.internal.Utils - [TestNG] Running:
  C:\Users\Aalim\eclipse-workspace\OpencartV121\grouping.xml

11:50:32.635 [main] DEBUG org.testng.TestNG - suiteXmlPath: "C:\Users\Aalim\eclipse-workspace\OpencartV121\grouping.xml"
11:50:32.955 [main] INFO  org.testng.internal.Utils - [TestNG] Running:
  C:\Users\Aalim\eclipse-workspace\OpencartV121\grouping.xml

11:50:38.482 [main] INFO  testCases.TC001_AccountRegistrationTest - ****** Starting TC001_AccountRegistrationTest ******
11:50:38.570 [main] INFO  testCases.TC001_AccountRegistrationTest -  Clicked on MyAccount Link 
11:50:39.488 [main] INFO  testCases.TC001_AccountRegistrationTest -  Clicked on Register Link 
11:50:39.490 [main] INFO  testCases.TC001_AccountRegistrationTest - Providing Customer details...
11:50:41.044 [main] INFO  testCases.TC001_AccountRegistrationTest - Validating expected message..
