18:41:29.450 [main] INFO  testCases.TC001_AccountRegistrationTest -  Clicked on Register Link 
18:41:29.457 [main] INFO  testCases.TC001_AccountRegistrationTest - Providing Customer details...
18:41:30.622 [main] INFO  testCases.TC001_AccountRegistrationTest - Validating expected message..
18:41:30.656 [main] INFO  testCases.TC001_AccountRegistrationTest - ****** Finished TC001_AccountRegistrationTest ******
18:41:34.232 [main] INFO  testCases.TC002_LoginTest - *****Starting TC_002_LoginTest ******
18:42:21.870 [main] DEBUG org.testng.TestNG - suiteXmlPath: "C:\Users\Aalim\eclipse-workspace\OpencartV121\master.xml"
18:42:22.169 [main] INFO  org.testng.internal.Utils - [TestNG] Running:
  C:\Users\Aalim\eclipse-workspace\OpencartV121\master.xml

18:42:26.621 [main] INFO  testCases.TC001_AccountRegistrationTest - ****** Starting TC001_AccountRegistrationTest ******
18:42:26.718 [main] INFO  testCases.TC001_AccountRegistrationTest -  Clicked on MyAccount Link 
18:42:27.242 [main] INFO  testCases.TC001_AccountRegistrationTest -  Clicked on Register Link 
18:42:27.244 [main] INFO  testCases.TC001_AccountRegistrationTest - Providing Customer details...
18:42:28.272 [main] INFO  testCases.TC001_AccountRegistrationTest - Validating expected message..
18:42:28.305 [main] INFO  testCases.TC001_AccountRegistrationTest - ****** Finished TC001_AccountRegistrationTest ******
18:42:32.273 [main] INFO  testCases.TC002_LoginTest - *****Starting TC_002_LoginTest ******
18:43:54.884 [main] DEBUG org.testng.TestNG - suiteXmlPath: "C:\Users\Aalim\eclipse-workspace\OpencartV121\master.xml"
18:43:55.187 [main] INFO  org.testng.internal.Utils - [TestNG] Running:
  C:\Users\Aalim\eclipse-workspace\OpencartV121\master.xml

18:43:59.805 [main] INFO  testCases.TC001_AccountRegistrationTest - ****** Starting TC001_AccountRegistrationTest ******
18:43:59.886 [main] INFO  testCases.TC001_AccountRegistrationTest -  Clicked on MyAccount Link 
18:44:00.500 [main] INFO  testCases.TC001_AccountRegistrationTest -  Clicked on Register Link 
18:44:00.502 [main] INFO  testCases.TC001_AccountRegistrationTest - Providing Customer details...
18:44:01.363 [main] INFO  testCases.TC001_AccountRegistrationTest - Validating expected message..
18:44:15.561 [main] INFO  testCases.TC002_LoginTest - *****Starting TC_002_LoginTest ******
11:06:05.234 [main] DEBUG org.testng.TestNG - suiteXmlPath: "C:\Users\Aalim\eclipse-workspace\OpencartV121\test-output\testng-failed.xml"
11:06:05.553 [main] INFO  org.testng.internal.Utils - [TestNG] Running:
  C:\Users\Aalim\eclipse-workspace\OpencartV121\test-output\testng-failed.xml

11:06:12.262 [main] INFO  testCases.TC001_AccountRegistrationTest - ****** Starting TC001_AccountRegistrationTest ******
11:06:12.422 [main] INFO  testCases.TC001_AccountRegistrationTest -  Clicked on MyAccount Link 
11:06:12.931 [main] INFO  testCases.TC001_AccountRegistrationTest -  Clicked on Register Link 
11:06:12.933 [main] INFO  testCases.TC001_AccountRegistrationTest - Providing Customer details...
11:06:14.013 [main] INFO  testCases.TC001_AccountRegistrationTest - Validating expected message..
11:06:14.057 [main] INFO  testCases.TC001_AccountRegistrationTest - ****** Finished TC001_AccountRegistrationTest ******
11:07:17.257 [main] DEBUG org.testng.TestNG - suiteXmlPath: "C:\Users\Aalim\eclipse-workspace\OpencartV121\master.xml"
11:07:17.578 [main] INFO  org.testng.internal.Utils - [TestNG] Running:
  C:\Users\Aalim\eclipse-workspace\OpencartV121\master.xml

11:07:22.471 [main] INFO  testCases.TC001_AccountRegistrationTest - ****** Starting TC001_AccountRegistrationTest ******
11:07:22.564 [main] INFO  testCases.TC001_AccountRegistrationTest -  Clicked on MyAccount Link 
11:07:23.014 [main] INFO  testCases.TC001_AccountRegistrationTest -  Clicked on Register Link 
11:07:23.016 [main] INFO  testCases.TC001_AccountRegistrationTest - Providing Customer details...
11:07:24.025 [main] INFO  testCases.TC001_AccountRegistrationTest - Validating expected message..
11:07:28.514 [main] INFO  testCases.TC002_LoginTest - *****Starting TC_002_LoginTest ******
11:08:04.882 [main] DEBUG org.testng.TestNG - suiteXmlPath: "C:\Users\Aalim\eclipse-workspace\OpencartV121\master.xml"
11:08:05.198 [main] INFO  org.testng.internal.Utils - [TestNG] Running:
  C:\Users\Aalim\eclipse-workspace\OpencartV121\master.xml

11:08:09.311 [main] INFO  testCases.TC001_AccountRegistrationTest - ****** Starting TC001_AccountRegistrationTest ******
11:08:09.464 [main] INFO  testCases.TC001_AccountRegistrationTest -  Clicked on MyAccount Link 
11:08:10.030 [main] INFO  testCases.TC001_AccountRegistrationTest -  Clicked on Register Link 
11:08:10.032 [main] INFO  testCases.TC001_AccountRegistrationTest - Providing Customer details...
11:08:11.148 [main] INFO  testCases.TC001_AccountRegistrationTest - Validating expected message..
11:08:11.196 [main] INFO  testCases.TC001_AccountRegistrationTest - ****** Finished TC001_AccountRegistrationTest ******
