10:06:57.632 [TestNG-tests-1] INFO  testCases.TC001_AccountRegistrationTest -  Clicked on Register Link 
10:06:57.648 [TestNG-tests-1] INFO  testCases.TC001_AccountRegistrationTest - Providing Customer details...
10:06:59.520 [TestNG-tests-1] INFO  testCases.TC001_AccountRegistrationTest - Validating expected message..
10:06:59.578 [TestNG-tests-1] INFO  testCases.TC001_AccountRegistrationTest - ****** Finished TC001_AccountRegistrationTest ******
10:07:17.505 [TestNG-tests-3] INFO  testCases.TC001_AccountRegistrationTest - ****** Starting TC001_AccountRegistrationTest ******
10:07:17.628 [TestNG-tests-3] INFO  testCases.TC001_AccountRegistrationTest -  Clicked on MyAccount Link 
10:07:18.402 [TestNG-tests-3] INFO  testCases.TC001_AccountRegistrationTest -  Clicked on Register Link 
10:07:18.402 [TestNG-tests-3] INFO  testCases.TC001_AccountRegistrationTest - Providing Customer details...
10:07:19.793 [TestNG-tests-3] INFO  testCases.TC001_AccountRegistrationTest - Validating expected message..
10:07:19.842 [TestNG-tests-3] INFO  testCases.TC001_AccountRegistrationTest - ****** Finished TC001_AccountRegistrationTest ******
10:08:09.365 [main] DEBUG org.testng.TestNG - suiteXmlPath: "C:\Users\Aalim\eclipse-workspace\OpencartV121\crossbrowsertesting.xml"
10:08:09.698 [main] INFO  org.testng.internal.Utils - [TestNG] Running:
  C:\Users\Aalim\eclipse-workspace\OpencartV121\crossbrowsertesting.xml

10:08:09.975 [TestNG-tests-2] INFO  testCases.TC001_AccountRegistrationTest - ****** Starting TC001_AccountRegistrationTest ******
10:08:21.541 [TestNG-tests-1] INFO  testCases.TC001_AccountRegistrationTest - ****** Starting TC001_AccountRegistrationTest ******
10:08:21.586 [TestNG-tests-3] INFO  testCases.TC001_AccountRegistrationTest - ****** Starting TC001_AccountRegistrationTest ******
10:08:21.781 [TestNG-tests-1] INFO  testCases.TC001_AccountRegistrationTest -  Clicked on MyAccount Link 
10:08:21.844 [TestNG-tests-3] INFO  testCases.TC001_AccountRegistrationTest -  Clicked on MyAccount Link 
21:00:47.690 [main] DEBUG org.testng.TestNG - suiteXmlPath: "C:\Users\Aalim\eclipse-workspace\OpencartV121\grid-docker.xml"
21:01:37.686 [main] DEBUG org.testng.TestNG - suiteXmlPath: "C:\Users\Aalim\eclipse-workspace\OpencartV121\grid-docker.xml"
21:01:38.102 [main] INFO  org.testng.internal.Utils - [TestNG] Running:
  C:\Users\Aalim\eclipse-workspace\OpencartV121\grid-docker.xml

21:01:38.462 [main] INFO  testCases.TC001_AccountRegistrationTest - ****** Starting TC001_AccountRegistrationTest ******
21:02:37.476 [main] DEBUG org.testng.TestNG - suiteXmlPath: "C:\Users\Aalim\eclipse-workspace\OpencartV121\grid-docker.xml"
21:02:37.844 [main] INFO  org.testng.internal.Utils - [TestNG] Running:
  C:\Users\Aalim\eclipse-workspace\OpencartV121\grid-docker.xml

21:07:26.787 [main] DEBUG org.testng.TestNG - suiteXmlPath: "C:\Users\Aalim\eclipse-workspace\OpencartV121\grid-docker.xml"
21:07:27.142 [main] INFO  org.testng.internal.Utils - [TestNG] Running:
  C:\Users\Aalim\eclipse-workspace\OpencartV121\grid-docker.xml

21:17:14.160 [main] DEBUG org.testng.TestNG - suiteXmlPath: "C:\Users\Aalim\eclipse-workspace\OpencartV121\grid-docker.xml"
21:17:14.535 [main] INFO  org.testng.internal.Utils - [TestNG] Running:
  C:\Users\Aalim\eclipse-workspace\OpencartV121\grid-docker.xml

21:17:19.190 [main] INFO  testCases.TC001_AccountRegistrationTest - ****** Starting TC001_AccountRegistrationTest ******
21:17:19.334 [main] INFO  testCases.TC001_AccountRegistrationTest -  Clicked on MyAccount Link 
21:17:21.271 [main] INFO  testCases.TC001_AccountRegistrationTest -  Clicked on Register Link 
21:17:21.279 [main] INFO  testCases.TC001_AccountRegistrationTest - Providing Customer details...
21:17:22.996 [main] INFO  testCases.TC001_AccountRegistrationTest - Validating expected message..
21:17:23.085 [main] INFO  testCases.TC001_AccountRegistrationTest - ****** Finished TC001_AccountRegistrationTest ******
21:17:29.136 [main] INFO  testCases.TC002_LoginTest - *****Starting TC_002_LoginTest ******
21:24:03.927 [main] DEBUG org.testng.TestNG - suiteXmlPath: "C:\Users\Aalim\eclipse-workspace\OpencartV121\grid-docker.xml"
21:24:04.272 [main] INFO  org.testng.internal.Utils - [TestNG] Running:
  C:\Users\Aalim\eclipse-workspace\OpencartV121\grid-docker.xml

21:24:10.896 [main] INFO  testCases.TC001_AccountRegistrationTest - ****** Starting TC001_AccountRegistrationTest ******
21:24:11.040 [main] INFO  testCases.TC001_AccountRegistrationTest -  Clicked on MyAccount Link 
21:24:12.190 [main] INFO  testCases.TC001_AccountRegistrationTest -  Clicked on Register Link 
21:24:12.193 [main] INFO  testCases.TC001_AccountRegistrationTest - Providing Customer details...
21:24:14.150 [main] INFO  testCases.TC001_AccountRegistrationTest - Validating expected message..
21:24:14.205 [main] INFO  testCases.TC001_AccountRegistrationTest - ****** Finished TC001_AccountRegistrationTest ******
21:24:17.843 [main] INFO  testCases.TC002_LoginTest - *****Starting TC_002_LoginTest ******
